<?xml version="1.0" encoding="UTF-8"?>
<!-- Generated by org.testng.reporters.JUnitReportReporter -->
<testsuite skipped="0" hostname="DESKTOP-JGV52QR" name="runner.RunnerTest" tests="5" failures="0" timestamp="2020-09-29T00:47:38 EDT" time="71.484" errors="0">
  <testcase name="runScenario" time="10.804" classname="runner.RunnerTest"/>
  <system-out/>
  <testcase name="runScenario" time="14.715" classname="runner.RunnerTest"/>
  <system-out/>
  <testcase name="runScenario" time="16.277" classname="runner.RunnerTest"/>
  <system-out/>
  <testcase name="runScenario" time="14.789" classname="runner.RunnerTest"/>
  <system-out/>
  <testcase name="runScenario" time="14.899" classname="runner.RunnerTest"/>
  <system-out/>
</testsuite> <!-- runner.RunnerTest -->
